[20:33:49] [main/INFO] (FabricLoader/GameProvider) Loading Minecraft 1.20.1 with Fabric Loader 0.18.4
[20:33:49] [main/INFO] (FabricLoader) Loading 64 mods:
	- architectury 9.2.14
	- better_looting 1.0.0
	- cloth-basic-math 0.6.1
	- cloth-config 11.1.106
	- fabric-api 0.92.7+1.20.1
	- fabric-api-base 0.4.32+1802ada577
	- fabric-api-lookup-api-v1 1.6.37+1802ada577
	- fabric-biome-api-v1 13.0.15+93aa238b77
	- fabric-block-api-v1 1.0.12+1802ada577
	- fabric-block-view-api-v2 1.0.3+924f046a77
	- fabric-blockrenderlayer-v1 1.1.42+1802ada577
	- fabric-client-tags-api-v1 1.1.3+1802ada577
	- fabric-command-api-v1 1.2.35+f71b366f77
	- fabric-command-api-v2 2.2.14+1802ada577
	- fabric-commands-v0 0.2.52+df3654b377
	- fabric-containers-v0 0.1.67+df3654b377
	- fabric-content-registries-v0 4.0.13+1802ada577
	- fabric-convention-tags-v1 1.5.6+1802ada577
	- fabric-crash-report-info-v1 0.2.20+1802ada577
	- fabric-data-attachment-api-v1 1.0.2+de0fd6d177
	- fabric-data-generation-api-v1 12.3.7+1802ada577
	- fabric-dimensions-v1 2.1.55+1802ada577
	- fabric-entity-events-v1 1.6.1+1c78457f77
	- fabric-events-interaction-v0 0.6.5+13a40c6677
	- fabric-events-lifecycle-v0 0.2.64+df3654b377
	- fabric-game-rule-api-v1 1.0.41+1802ada577
	- fabric-gametest-api-v1 1.2.15+1802ada577
	- fabric-item-api-v1 2.1.29+1802ada577
	- fabric-item-group-api-v1 4.0.14+1802ada577
	- fabric-key-binding-api-v1 1.0.38+1802ada577
	- fabric-keybindings-v0 0.2.36+df3654b377
	- fabric-lifecycle-events-v1 2.2.23+1802ada577
	- fabric-loot-api-v2 1.2.3+1802ada577
	- fabric-loot-tables-v1 1.1.47+9e7660c677
	- fabric-message-api-v1 5.1.10+1802ada577
	- fabric-mining-level-api-v1 2.1.52+1802ada577
	- fabric-model-loading-api-v1 1.0.4+1802ada577
	- fabric-models-v0 0.4.3+9386d8a777
	- fabric-networking-api-v1 1.3.14+a158aa0477
	- fabric-networking-v0 0.3.54+df3654b377
	- fabric-object-builder-api-v1 11.1.5+e35120df77
	- fabric-particles-v1 1.1.3+1802ada577
	- fabric-recipe-api-v1 1.0.24+1802ada577
	- fabric-registry-sync-v0 2.3.6+1802ada577
	- fabric-renderer-api-v1 3.2.2+1802ada577
	- fabric-renderer-indigo 1.5.3+85287f9f77
	- fabric-renderer-registries-v1 3.2.47+df3654b377
	- fabric-rendering-data-attachment-v1 0.3.39+92a0d36777
	- fabric-rendering-fluids-v1 3.0.29+1802ada577
	- fabric-rendering-v0 1.1.50+df3654b377
	- fabric-rendering-v1 3.0.9+1802ada577
	- fabric-resource-conditions-api-v1 2.3.9+1802ada577
	- fabric-resource-loader-v0 0.11.12+fb82e9d777
	- fabric-screen-api-v1 2.0.9+1802ada577
	- fabric-screen-handler-api-v1 1.3.33+1802ada577
	- fabric-sound-api-v1 1.0.14+1802ada577
	- fabric-transfer-api-v1 3.3.6+8dd72ea377
	- fabric-transitive-access-wideners-v1 4.3.2+1802ada577
	- fabricloader 0.18.4
	- generated_c2678a3 1.0.0
	- java 21
	- jei 15.3.0.4
	- minecraft 1.20.1
	- mixinextras 0.5.0
[20:33:49] [main/INFO] (FabricLoader/Mixin) SpongePowered MIXIN Subsystem Version=0.8.7 Source=file:/C:/Users/35916/.gradle/caches/modules-2/files-2.1/net.fabricmc/sponge-mixin/0.17.0+mixin.0.8.7/cf31463202f72d03b0ef1e1e38e8ee71b7faaab6/sponge-mixin-0.17.0+mixin.0.8.7.jar Service=Knot/Fabric Env=CLIENT
[20:33:49] [main/INFO] (FabricLoader/Mixin) Loaded Fabric development mappings for mixin remapper!
[20:33:49] [main/INFO] (FabricLoader/Mixin) Compatibility level set to JAVA_16
[20:33:49] [main/INFO] (FabricLoader/Mixin) Compatibility level set to JAVA_17
[20:33:50] [main/INFO] (FabricLoader/MixinExtras|Service) Initializing MixinExtras via com.llamalad7.mixinextras.service.MixinExtrasServiceImpl(version=0.5.0).
[20:33:52] [Datafixer Bootstrap/INFO] (Minecraft) 188 Datafixer optimizations took 82 milliseconds
[20:33:53] [Render thread/INFO] (Minecraft) [STDERR]: [LWJGL] [ThreadLocalUtil] Unsupported JNI version detected, this may result in a crash. Please inform LWJGL developers.
[20:33:53] [Render thread/INFO] (Minecraft) Environment: authHost='https://authserver.mojang.com', accountsHost='https://api.mojang.com', sessionHost='https://sessionserver.mojang.com', servicesHost='https://api.minecraftservices.com', name='PROD'
[20:33:54] [Render thread/ERROR] (Minecraft) Failed to verify authentication
com.mojang.authlib.exceptions.InvalidCredentialsException: Status: 401
	at com.mojang.authlib.exceptions.MinecraftClientHttpException.toAuthenticationException(MinecraftClientHttpException.java:56) ~[authlib-4.0.43.jar:?]
	at com.mojang.authlib.yggdrasil.YggdrasilUserApiService.fetchProperties(YggdrasilUserApiService.java:156) ~[authlib-4.0.43.jar:?]
	at com.mojang.authlib.yggdrasil.YggdrasilUserApiService.<init>(YggdrasilUserApiService.java:55) ~[authlib-4.0.43.jar:?]
	at com.mojang.authlib.yggdrasil.YggdrasilAuthenticationService.createUserApiService(YggdrasilAuthenticationService.java:124) ~[authlib-4.0.43.jar:?]
	at net.minecraft.client.Minecraft.createUserApiService(Minecraft.java:733) ~[minecraft-merged-cf64a1c655-1.20.1-loom.mappings.1_20_1.layered+hash.40359-v2.jar:?]
	at net.minecraft.client.Minecraft.<init>(Minecraft.java:442) ~[minecraft-merged-cf64a1c655-1.20.1-loom.mappings.1_20_1.layered+hash.40359-v2.jar:?]
	at net.minecraft.client.main.Main.main(Main.java:211) ~[minecraft-merged-cf64a1c655-1.20.1-loom.mappings.1_20_1.layered+hash.40359-v2.jar:?]
	at net.fabricmc.loader.impl.game.minecraft.MinecraftGameProvider.launch(MinecraftGameProvider.java:514) ~[fabric-loader-0.18.4.jar:?]
	at net.fabricmc.loader.impl.launch.knot.Knot.launch(Knot.java:72) ~[fabric-loader-0.18.4.jar:?]
	at net.fabricmc.loader.impl.launch.knot.KnotClient.main(KnotClient.java:23) ~[fabric-loader-0.18.4.jar:?]
	at net.fabricmc.devlaunchinjector.Main.main(Main.java:86) ~[dev-launch-injector-0.2.1+build.8.jar:?]
	at dev.architectury.transformer.TransformerRuntime.main(TransformerRuntime.java:220) ~[architectury-transformer-5.2.87-runtime.jar:?]
Caused by: com.mojang.authlib.exceptions.MinecraftClientHttpException: Status: 401
	at com.mojang.authlib.minecraft.client.MinecraftClient.readInputStream(MinecraftClient.java:85) ~[authlib-4.0.43.jar:?]
	at com.mojang.authlib.minecraft.client.MinecraftClient.get(MinecraftClient.java:48) ~[authlib-4.0.43.jar:?]
	at com.mojang.authlib.yggdrasil.YggdrasilUserApiService.fetchProperties(YggdrasilUserApiService.java:129) ~[authlib-4.0.43.jar:?]
	... 10 more
[20:33:54] [Render thread/INFO] (Minecraft) Setting user: Player186
[20:33:54] [Render thread/INFO] (NetworkManagerImpl) Registering C2S receiver with id better_looting:main/eae52001f2193fad9ae63d990a9419eb
[20:33:54] [Render thread/INFO] (NetworkManagerImpl) Registering S2C receiver with id better_looting:main/eae52001f2193fad9ae63d990a9419eb
[20:33:54] [Render thread/INFO] (better_looting) Better Looting Common Initialized.
[20:33:54] [Render thread/INFO] (PluginCaller) Sending ConfigManager...
[20:33:54] [Render thread/INFO] (PluginCaller) Sending ConfigManager took 983.5 μs
[20:33:54] [Render thread/INFO] (Indigo) [Indigo] Registering Indigo renderer!
[20:33:54] [Render thread/INFO] (NetworkManagerImpl) Registering S2C receiver with id architectury:spawn_entity_packet
[20:33:54] [Render thread/INFO] (Minecraft) Backend library: LWJGL version 3.3.2-snapshot
[20:33:55] [Render thread/INFO] (Minecraft) Reloading ResourceManager: vanilla, fabric (fabric-networking-v0, cloth-config, fabric-renderer-api-v1, fabric-rendering-v1, fabric-models-v0, fabric-screen-handler-api-v1, fabric-gametest-api-v1, fabric-events-interaction-v0, fabric-item-api-v1, fabric-screen-api-v1, fabric-transfer-api-v1, fabric-rendering-v0, fabric-api-lookup-api-v1, fabric-command-api-v2, fabric-key-binding-api-v1, fabric-blockrenderlayer-v1, jei, fabric-loot-tables-v1, fabric-data-attachment-api-v1, fabricloader, fabric-transitive-access-wideners-v1, fabric-renderer-indigo, fabric-api, fabric-convention-tags-v1, fabric-sound-api-v1, fabric-message-api-v1, fabric-data-generation-api-v1, fabric-rendering-fluids-v1, fabric-rendering-data-attachment-v1, fabric-resource-conditions-api-v1, fabric-api-base, fabric-crash-report-info-v1, fabric-dimensions-v1, fabric-game-rule-api-v1, fabric-events-lifecycle-v0, fabric-client-tags-api-v1, generated_c2678a3, fabric-content-registries-v0, fabric-entity-events-v1, fabric-renderer-registries-v1, fabric-object-builder-api-v1, fabric-command-api-v1, fabric-block-api-v1, fabric-networking-api-v1, fabric-biome-api-v1, fabric-commands-v0, fabric-block-view-api-v2, fabric-registry-sync-v0, fabric-recipe-api-v1, fabric-containers-v0, fabric-item-group-api-v1, fabric-keybindings-v0, fabric-loot-api-v2, fabric-lifecycle-events-v1, fabric-resource-loader-v0, fabric-particles-v1, fabric-mining-level-api-v1, fabric-model-loading-api-v1)
[20:33:55] [Worker-Main-2/INFO] (Minecraft) Found unifont_all_no_pua-15.0.06.hex, loading
[20:33:56] [Realms Notification Availability checker #1/INFO] (Minecraft) Could not authorize you against Realms server: java.lang.RuntimeException: Failed to parse into SignedJWT: FabricMC
[20:33:56] [Render thread/WARN] (Minecraft) Missing sound for event: minecraft:item.goat_horn.play
[20:33:56] [Render thread/WARN] (Minecraft) Missing sound for event: minecraft:entity.goat.screaming.horn_break
[20:33:56] [Render thread/INFO] (Minecraft) OpenAL initialized on device OpenAL Soft on 扬声器 (INZONE H5 - Game)
[20:33:56] [Render thread/INFO] (Minecraft) Sound engine started
[20:33:56] [Render thread/INFO] (Minecraft) Created: 1024x512x4 minecraft:textures/atlas/blocks.png-atlas
[20:33:56] [Render thread/INFO] (Minecraft) Created: 256x256x4 minecraft:textures/atlas/signs.png-atlas
[20:33:56] [Render thread/INFO] (Minecraft) Created: 512x512x4 minecraft:textures/atlas/shield_patterns.png-atlas
[20:33:56] [Render thread/INFO] (Minecraft) Created: 512x512x4 minecraft:textures/atlas/banner_patterns.png-atlas
[20:33:56] [Render thread/INFO] (Minecraft) Created: 1024x1024x4 minecraft:textures/atlas/armor_trims.png-atlas
[20:33:56] [Render thread/INFO] (Minecraft) Created: 128x64x4 minecraft:textures/atlas/decorated_pot.png-atlas
[20:33:56] [Render thread/INFO] (Minecraft) Created: 256x256x4 minecraft:textures/atlas/chest.png-atlas
[20:33:56] [Render thread/INFO] (Minecraft) Created: 512x256x4 minecraft:textures/atlas/shulker_boxes.png-atlas
[20:33:56] [Render thread/INFO] (Minecraft) Created: 512x256x4 minecraft:textures/atlas/beds.png-atlas
[20:33:57] [Render thread/WARN] (Minecraft) Shader rendertype_entity_translucent_emissive could not find sampler named Sampler2 in the specified shader program.
[20:33:57] [Render thread/INFO] (Minecraft) Created: 256x256x0 minecraft:textures/atlas/particles.png-atlas
[20:33:57] [Render thread/INFO] (Minecraft) Created: 256x256x0 minecraft:textures/atlas/paintings.png-atlas
[20:33:57] [Render thread/INFO] (Minecraft) Created: 128x128x0 minecraft:textures/atlas/mob_effects.png-atlas
[20:33:57] [Render thread/INFO] (Minecraft) Created: 256x128x0 jei:textures/atlas/gui.png-atlas
[20:34:16] [Render thread/INFO] (Minecraft) Loaded 7 recipes
[20:34:16] [Render thread/INFO] (Minecraft) Loaded 1271 advancements
[20:34:17] [Render thread/INFO] (ClientLifecycleHandler) Stopping JEI
[20:34:17] [Render thread/INFO] (JeiStarter) Stopping JEI
[20:34:17] [Render thread/INFO] (PluginCaller) Sending Runtime Unavailable...
[20:34:17] [Render thread/INFO] (FabricGuiPlugin) Stopping JEI GUI
[20:34:17] [Render thread/INFO] (PluginCaller) Sending Runtime Unavailable took 420.5 μs
[20:34:17] [Render thread/INFO] (BiomeModificationImpl) Applied 0 biome modifications to 0 of 64 new biomes in 847.7 μs
[20:34:17] [Server thread/INFO] (Minecraft) Starting integrated minecraft server version 1.20.1
[20:34:17] [Server thread/INFO] (Minecraft) Generating keypair
[20:34:17] [Server thread/INFO] (Minecraft) Preparing start region for dimension minecraft:overworld
[20:34:18] [Render thread/INFO] (Minecraft) 准备生成区域中：0%
[20:34:18] [Render thread/INFO] (Minecraft) 准备生成区域中：0%
[20:34:18] [Render thread/INFO] (Minecraft) 准备生成区域中：1%
[20:34:18] [Render thread/INFO] (Minecraft) Time elapsed: 1283 ms
[20:34:18] [Server thread/INFO] (Minecraft) Changing view distance to 12, from 10
[20:34:18] [Server thread/INFO] (Minecraft) Changing simulation distance to 12, from 0
[20:34:19] [Server thread/INFO] (Minecraft) Player186[local:E:a43091c0] logged in with entity id 15 at (0.07262977383751917, -60.0, 6.077136379295421)
[20:34:19] [Server thread/INFO] (Minecraft) Player186加入了游戏
[20:34:19] [Render thread/INFO] (LoggedTimer) Starting JEI...
[20:34:19] [Render thread/INFO] (PluginCaller) Registering item subtypes...
[20:34:19] [Render thread/INFO] (PluginCaller) Registering item subtypes took 2.102 ms
[20:34:19] [Render thread/INFO] (PluginCaller) Registering fluid subtypes...
[20:34:19] [Render thread/INFO] (PluginCaller) Registering fluid subtypes took 1.188 ms
[20:34:19] [Render thread/INFO] (PluginCaller) Registering ingredients...
[20:34:19] [Render thread/INFO] (PluginCallerTimerRunnable) Registering ingredients: jei:minecraft took 39.76 milliseconds
[20:34:19] [Render thread/INFO] (PluginCaller) Registering ingredients took 40.22 ms
[20:34:19] [Render thread/INFO] (PluginCaller) Registering categories...
[20:34:19] [Render thread/INFO] (PluginCaller) Registering categories took 6.656 ms
[20:34:19] [Render thread/INFO] (PluginCaller) Registering vanilla category extensions...
[20:34:19] [Render thread/INFO] (PluginCaller) Registering vanilla category extensions took 912.2 μs
[20:34:19] [Render thread/INFO] (PluginCaller) Registering recipe catalysts...
[20:34:19] [Render thread/INFO] (PluginCaller) Registering recipe catalysts took 454.7 μs
[20:34:19] [Render thread/INFO] (PluginCaller) Registering advanced plugins...
[20:34:19] [Render thread/INFO] (PluginCaller) Registering advanced plugins took 178.0 μs
[20:34:19] [Render thread/INFO] (LoggedTimer) Building recipe registry...
[20:34:19] [Render thread/INFO] (LoggedTimer) Building recipe registry took 4.074 ms
[20:34:19] [Render thread/INFO] (PluginCaller) Registering recipes...
[20:34:19] [Render thread/INFO] (PluginCallerTimerRunnable) Registering recipes: jei:minecraft took 128.5 milliseconds
[20:34:19] [Render thread/INFO] (PluginCaller) Registering recipes took 129.1 ms
[20:34:19] [Render thread/INFO] (PluginCaller) Registering recipes transfer handlers...
[20:34:19] [Render thread/INFO] (PluginCaller) Registering recipes transfer handlers took 3.180 ms
[20:34:19] [Render thread/INFO] (LoggedTimer) Building runtime...
[20:34:19] [Render thread/INFO] (PluginCaller) Registering gui handlers...
[20:34:19] [Render thread/INFO] (PluginCaller) Registering gui handlers took 19.76 ms
[20:34:19] [Render thread/INFO] (PluginCaller) Registering Runtime...
[20:34:19] [Render thread/INFO] (JeiGuiStarter) Starting JEI GUI
[20:34:19] [Render thread/INFO] (LoggedTimer) Building ingredient list...
[20:34:19] [Render thread/INFO] (LoggedTimer) Building ingredient list took 3.389 ms
[20:34:19] [Render thread/INFO] (LoggedTimer) Building ingredient filter...
[20:34:19] [Render thread/INFO] (IngredientFilter) Adding 1514 ingredients
[20:34:19] [Render thread/INFO] (IngredientFilter) Added 1514 ingredients
[20:34:19] [Render thread/INFO] (LoggedTimer) Building ingredient filter took 103.6 ms
[20:34:19] [Render thread/INFO] (PluginCallerTimerRunnable) Registering Runtime: jei:fabric_gui took 182.1 milliseconds
[20:34:19] [Render thread/INFO] (PluginCaller) Registering Runtime took 183.3 ms
[20:34:19] [Render thread/INFO] (LoggedTimer) Building runtime took 222.2 ms
[20:34:19] [Render thread/INFO] (PluginCaller) Sending Runtime...
[20:34:19] [Render thread/INFO] (PluginCaller) Sending Runtime took 292.8 μs
[20:34:19] [Render thread/INFO] (LoggedTimer) Starting JEI took 440.4 ms
[20:34:20] [Render thread/INFO] (Minecraft) Loaded 5 advancements
[20:34:22] [Render thread/INFO] (Minecraft) Loaded 7 advancements
[20:34:36] [Server thread/INFO] (Minecraft) [Player186: 已将自己的游戏模式设置为生存模式]
[20:34:36] [Render thread/INFO] (Minecraft) [System] [CHAT] 已将自己的游戏模式设置为生存模式
[20:34:56] [Server thread/INFO] (Minecraft) Saving and pausing game...
[20:34:56] [Server thread/INFO] (Minecraft) Saving chunks for level 'ServerLevel[新的世界]'/minecraft:overworld
[20:34:56] [Server thread/INFO] (Minecraft) Saving chunks for level 'ServerLevel[新的世界]'/minecraft:the_end
[20:34:56] [Server thread/INFO] (Minecraft) Saving chunks for level 'ServerLevel[新的世界]'/minecraft:the_nether
